{"total": {"lines":{"total":609,"covered":74,"skipped":0,"pct":12.15},"statements":{"total":609,"covered":74,"skipped":0,"pct":12.15},"functions":{"total":20,"covered":7,"skipped":0,"pct":35},"branches":{"total":59,"covered":42,"skipped":0,"pct":71.18},"branchesTrue":{"total":0,"covered":0,"skipped":0,"pct":100}}
,"/Users/pierantoniopetralia/Desktop/ProgettiPersonali/recipe-finder/src/App.tsx": {"lines":{"total":6,"covered":0,"skipped":0,"pct":0},"functions":{"total":1,"covered":0,"skipped":0,"pct":0},"statements":{"total":6,"covered":0,"skipped":0,"pct":0},"branches":{"total":1,"covered":0,"skipped":0,"pct":0}}
,"/Users/pierantoniopetralia/Desktop/ProgettiPersonali/recipe-finder/src/main.tsx": {"lines":{"total":9,"covered":0,"skipped":0,"pct":0},"functions":{"total":1,"covered":0,"skipped":0,"pct":0},"statements":{"total":9,"covered":0,"skipped":0,"pct":0},"branches":{"total":1,"covered":0,"skipped":0,"pct":0}}
,"/Users/pierantoniopetralia/Desktop/ProgettiPersonali/recipe-finder/src/routes.tsx": {"lines":{"total":23,"covered":0,"skipped":0,"pct":0},"functions":{"total":1,"covered":0,"skipped":0,"pct":0},"statements":{"total":23,"covered":0,"skipped":0,"pct":0},"branches":{"total":1,"covered":0,"skipped":0,"pct":0}}
,"/Users/pierantoniopetralia/Desktop/ProgettiPersonali/recipe-finder/src/components/SearchBar.tsx": {"lines":{"total":41,"covered":0,"skipped":0,"pct":0},"functions":{"total":1,"covered":0,"skipped":0,"pct":0},"statements":{"total":41,"covered":0,"skipped":0,"pct":0},"branches":{"total":1,"covered":0,"skipped":0,"pct":0}}
,"/Users/pierantoniopetralia/Desktop/ProgettiPersonali/recipe-finder/src/components/Ingredients/index.tsx": {"lines":{"total":17,"covered":0,"skipped":0,"pct":0},"functions":{"total":1,"covered":0,"skipped":0,"pct":0},"statements":{"total":17,"covered":0,"skipped":0,"pct":0},"branches":{"total":1,"covered":0,"skipped":0,"pct":0}}
,"/Users/pierantoniopetralia/Desktop/ProgettiPersonali/recipe-finder/src/components/Preparation/index.tsx": {"lines":{"total":16,"covered":0,"skipped":0,"pct":0},"functions":{"total":1,"covered":0,"skipped":0,"pct":0},"statements":{"total":16,"covered":0,"skipped":0,"pct":0},"branches":{"total":1,"covered":0,"skipped":0,"pct":0}}
,"/Users/pierantoniopetralia/Desktop/ProgettiPersonali/recipe-finder/src/components/RecipeCard/index.tsx": {"lines":{"total":37,"covered":0,"skipped":0,"pct":0},"functions":{"total":1,"covered":0,"skipped":0,"pct":0},"statements":{"total":37,"covered":0,"skipped":0,"pct":0},"branches":{"total":1,"covered":0,"skipped":0,"pct":0}}
,"/Users/pierantoniopetralia/Desktop/ProgettiPersonali/recipe-finder/src/components/Spinner/index.tsx": {"lines":{"total":22,"covered":0,"skipped":0,"pct":0},"functions":{"total":1,"covered":1,"skipped":0,"pct":100},"statements":{"total":22,"covered":0,"skipped":0,"pct":0},"branches":{"total":1,"covered":1,"skipped":0,"pct":100}}
,"/Users/pierantoniopetralia/Desktop/ProgettiPersonali/recipe-finder/src/components/Tag/index.tsx": {"lines":{"total":5,"covered":0,"skipped":0,"pct":0},"functions":{"total":1,"covered":0,"skipped":0,"pct":0},"statements":{"total":5,"covered":0,"skipped":0,"pct":0},"branches":{"total":1,"covered":0,"skipped":0,"pct":0}}
,"/Users/pierantoniopetralia/Desktop/ProgettiPersonali/recipe-finder/src/hooks/useRecipe.ts": {"lines":{"total":34,"covered":0,"skipped":0,"pct":0},"functions":{"total":1,"covered":0,"skipped":0,"pct":0},"statements":{"total":34,"covered":0,"skipped":0,"pct":0},"branches":{"total":1,"covered":0,"skipped":0,"pct":0}}
,"/Users/pierantoniopetralia/Desktop/ProgettiPersonali/recipe-finder/src/hooks/useSearchRecipes.ts": {"lines":{"total":34,"covered":0,"skipped":0,"pct":0},"functions":{"total":1,"covered":0,"skipped":0,"pct":0},"statements":{"total":34,"covered":0,"skipped":0,"pct":0},"branches":{"total":1,"covered":0,"skipped":0,"pct":0}}
,"/Users/pierantoniopetralia/Desktop/ProgettiPersonali/recipe-finder/src/pages/Home.tsx": {"lines":{"total":27,"covered":0,"skipped":0,"pct":0},"functions":{"total":1,"covered":0,"skipped":0,"pct":0},"statements":{"total":27,"covered":0,"skipped":0,"pct":0},"branches":{"total":1,"covered":0,"skipped":0,"pct":0}}
,"/Users/pierantoniopetralia/Desktop/ProgettiPersonali/recipe-finder/src/pages/Recipe.tsx": {"lines":{"total":156,"covered":0,"skipped":0,"pct":0},"functions":{"total":1,"covered":0,"skipped":0,"pct":0},"statements":{"total":156,"covered":0,"skipped":0,"pct":0},"branches":{"total":1,"covered":0,"skipped":0,"pct":0}}
,"/Users/pierantoniopetralia/Desktop/ProgettiPersonali/recipe-finder/src/pages/RecipeList.tsx": {"lines":{"total":46,"covered":0,"skipped":0,"pct":0},"functions":{"total":1,"covered":0,"skipped":0,"pct":0},"statements":{"total":46,"covered":0,"skipped":0,"pct":0},"branches":{"total":1,"covered":0,"skipped":0,"pct":0}}
,"/Users/pierantoniopetralia/Desktop/ProgettiPersonali/recipe-finder/src/services/TheMealDBService.ts": {"lines":{"total":42,"covered":0,"skipped":0,"pct":0},"functions":{"total":1,"covered":1,"skipped":0,"pct":100},"statements":{"total":42,"covered":0,"skipped":0,"pct":0},"branches":{"total":1,"covered":1,"skipped":0,"pct":100}}
,"/Users/pierantoniopetralia/Desktop/ProgettiPersonali/recipe-finder/src/types/TheMealDB.ts": {"lines":{"total":0,"covered":0,"skipped":0,"pct":100},"functions":{"total":1,"covered":1,"skipped":0,"pct":100},"statements":{"total":0,"covered":0,"skipped":0,"pct":100},"branches":{"total":1,"covered":1,"skipped":0,"pct":100}}
,"/Users/pierantoniopetralia/Desktop/ProgettiPersonali/recipe-finder/src/utils/index.ts": {"lines":{"total":94,"covered":74,"skipped":0,"pct":78.72},"functions":{"total":4,"covered":4,"skipped":0,"pct":100},"statements":{"total":94,"covered":74,"skipped":0,"pct":78.72},"branches":{"total":43,"covered":39,"skipped":0,"pct":90.69}}
}
